<?xml version="1.0" encoding="UTF-8"?>
<!-- Generated by org.testng.reporters.JUnitReportReporter -->
<testsuite hostname="LAPTOP-1S7KVVBR" failures="0" tests="1" name="qtrip_api_tests.testCase_API_02" time="1.045" errors="0" timestamp="2024-07-06T22:50:29 IST" skipped="0">
  <testcase classname="qtrip_api_tests.testCase_API_02" name="cities" time="1.045"/>
  <system-out/>
</testsuite> <!-- qtrip_api_tests.testCase_API_02 -->
